DanmakuFlameMaster/build/outputs/logs/manifest-merger-debug-report.txt
-- Merging decision tree log ---
manifest
ADDED from src\main\AndroidManifest.xml:18:1-27:12
INJECTED from src\main\AndroidManifest.xml:18:1-27:12
INJECTED from src\main\AndroidManifest.xml:18:1-27:12
INJECTED from src\main\AndroidManifest.xml:18:1-27:12
INJECTED from src\main\AndroidManifest.xml:18:1-27:12
INJECTED from src\main\AndroidManifest.xml:18:1-27:12
INJECTED from src\main\AndroidManifest.xml:18:1-27:12
	package
		ADDED from src\main\AndroidManifest.xml:19:5-35
		INJECTED from src\main\AndroidManifest.xml
		INJECTED from src\main\AndroidManifest.xml
	android:versionName
		ADDED from src\main\AndroidManifest.xml:21:5-32
		INJECTED from src\main\AndroidManifest.xml
		INJECTED from src\main\AndroidManifest.xml
	xmlns:android
		ADDED from src\main\AndroidManifest.xml:18:11-69
	android:versionCode
		ADDED from src\main\AndroidManifest.xml:20:5-31
		INJECTED from src\main\AndroidManifest.xml
		INJECTED from src\main\AndroidManifest.xml
uses-sdk
ADDED from src\main\AndroidManifest.xml:23:5-25:41
INJECTED from src\main\AndroidManifest.xml:23:5-25:41
INJECTED from src\main\AndroidManifest.xml:23:5-25:41
INJECTED from src\main\AndroidManifest.xml:23:5-25:41
INJECTED from src\main\AndroidManifest.xml:23:5-25:41
	android:targetSdkVersion
		ADDED from src\main\AndroidManifest.xml:25:9-38
		INJECTED from src\main\AndroidManifest.xml
		INJECTED from src\main\AndroidManifest.xml
	android:minSdkVersion
		ADDED from src\main\AndroidManifest.xml:24:9-34
		INJECTED from src\main\AndroidManifest.xml
		INJECTED from src\main\AndroidManifest.xml